Traceback (most recent call last):
  File "/home/ic40844/myenv/Bias_IndianLanguages/Bias_IndianLanguages/exp_tamil_bhed.py", line 1, in <module>
    import torch
  File "/home/ic40844/myenv/lib/python3.12/site-packages/torch/__init__.py", line 367, in <module>
    from torch._C import *  # noqa: F403
    ^^^^^^^^^^^^^^^^^^^^^^
  File "<frozen importlib._bootstrap>", line 463, in _lock_unlock_module
KeyboardInterrupt
Traceback (most recent call last):
  File "/home/ic40844/myenv/Bias_IndianLanguages/Bias_IndianLanguages/exp_sindhi_bhed.py", line 1, in <module>
    import torch
  File "/home/ic40844/myenv/lib/python3.12/site-packages/torch/__init__.py", line 367, in <module>
    from torch._C import *  # noqa: F403
    ^^^^^^^^^^^^^^^^^^^^^^
  File "<frozen importlib._bootstrap>", line 463, in _lock_unlock_module
KeyboardInterrupt
Traceback (most recent call last):
  File "/home/ic40844/myenv/Bias_IndianLanguages/Bias_IndianLanguages/exp_sindhi_bhed.py", line 1, in <module>
    import torch
  File "/home/ic40844/myenv/lib/python3.12/site-packages/torch/__init__.py", line 367, in <module>
    from torch._C import *  # noqa: F403
    ^^^^^^^^^^^^^^^^^^^^^^
  File "<frozen importlib._bootstrap>", line 463, in _lock_unlock_module
KeyboardInterrupt
Loading checkpoint shards:   0%|          | 0/3 [00:00<?, ?it/s]Loading checkpoint shards:  33%|███▎      | 1/3 [00:11<00:23, 11.89s/it]Loading checkpoint shards:  67%|██████▋   | 2/3 [00:23<00:11, 11.59s/it]Loading checkpoint shards: 100%|██████████| 3/3 [00:32<00:00, 10.39s/it]Loading checkpoint shards: 100%|██████████| 3/3 [00:32<00:00, 10.74s/it]
Device set to use cuda
Asking to truncate to max_length but no maximum length is provided and the model has no predefined maximum length. Default to no truncation.
You seem to be using the pipelines sequentially on GPU. In order to maximize efficiency please use a dataset
Experiment 1

Current Sample : 1/1862
Current Sample : 2/1862
Current Sample : 3/1862
Current Sample : 4/1862
Current Sample : 5/1862
Current Sample : 6/1862
Current Sample : 7/1862
Current Sample : 8/1862
Current Sample : 9/1862
Current Sample : 10/1862
Current Sample : 11/1862
Current Sample : 12/1862
Current Sample : 13/1862
Current Sample : 14/1862
Current Sample : 15/1862
Current Sample : 16/1862
Current Sample : 17/1862
Current Sample : 18/1862
Current Sample : 19/1862
Current Sample : 20/1862
Traceback (most recent call last):
  File "/home/ic40844/myenv/Bias_IndianLanguages/Bias_IndianLanguages/exp_hindi_SPICE.py", line 55, in <module>
    expe1 = expb1(pipe,examples,df_path,"stereo","anti_stereo",biased_response,
            ^^^^^^^^^^^^^^^^^^^^^^^^^^^^^^^^^^^^^^^^^^^^^^^^^^^^^^^^^^^^^^^^^^^
  File "/home/ic40844/myenv/Bias_IndianLanguages/Bias_IndianLanguages/utils_spice.py", line 26, in expb1
    response = biased_response(input, examples,pipe,type)
               ^^^^^^^^^^^^^^^^^^^^^^^^^^^^^^^^^^^^^^^^^^
  File "/home/ic40844/myenv/Bias_IndianLanguages/Bias_IndianLanguages/exp_hindi_SPICE.py", line 22, in biased_response
    response = infer(prompt,pipe)
               ^^^^^^^^^^^^^^^^^^
  File "/home/ic40844/myenv/Bias_IndianLanguages/Bias_IndianLanguages/exp_hindi_SPICE.py", line 12, in infer
    result = pipe(prompt,  max_new_tokens= 2, truncation=True,temperature= 0.1)  # Restricts output length to just '1)' or '2)'
             ^^^^^^^^^^^^^^^^^^^^^^^^^^^^^^^^^^^^^^^^^^^^^^^^^^^^^^^^^^^^^^^^^^
  File "/home/ic40844/miniconda3/lib/python3.12/site-packages/transformers/pipelines/text_generation.py", line 272, in __call__
    return super().__call__(text_inputs, **kwargs)
           ^^^^^^^^^^^^^^^^^^^^^^^^^^^^^^^^^^^^^^^
  File "/home/ic40844/miniconda3/lib/python3.12/site-packages/transformers/pipelines/base.py", line 1301, in __call__
    return self.run_single(inputs, preprocess_params, forward_params, postprocess_params)
           ^^^^^^^^^^^^^^^^^^^^^^^^^^^^^^^^^^^^^^^^^^^^^^^^^^^^^^^^^^^^^^^^^^^^^^^^^^^^^^
  File "/home/ic40844/miniconda3/lib/python3.12/site-packages/transformers/pipelines/base.py", line 1308, in run_single
    model_outputs = self.forward(model_inputs, **forward_params)
                    ^^^^^^^^^^^^^^^^^^^^^^^^^^^^^^^^^^^^^^^^^^^^
  File "/home/ic40844/miniconda3/lib/python3.12/site-packages/transformers/pipelines/base.py", line 1208, in forward
    model_outputs = self._forward(model_inputs, **forward_params)
                    ^^^^^^^^^^^^^^^^^^^^^^^^^^^^^^^^^^^^^^^^^^^^^
  File "/home/ic40844/miniconda3/lib/python3.12/site-packages/transformers/pipelines/text_generation.py", line 370, in _forward
    generated_sequence = self.model.generate(input_ids=input_ids, attention_mask=attention_mask, **generate_kwargs)
                         ^^^^^^^^^^^^^^^^^^^^^^^^^^^^^^^^^^^^^^^^^^^^^^^^^^^^^^^^^^^^^^^^^^^^^^^^^^^^^^^^^^^^^^^^^^
  File "/home/ic40844/miniconda3/lib/python3.12/site-packages/torch/utils/_contextlib.py", line 115, in decorate_context
    with ctx_factory():
  File "/home/ic40844/miniconda3/lib/python3.12/site-packages/torch/autograd/grad_mode.py", line 84, in __exit__
    def __exit__(self, exc_type: Any, exc_value: Any, traceback: Any) -> None:

KeyboardInterrupt
Loading checkpoint shards:   0%|          | 0/3 [00:00<?, ?it/s]Loading checkpoint shards:  33%|███▎      | 1/3 [00:09<00:19,  9.71s/it]Loading checkpoint shards:  67%|██████▋   | 2/3 [00:19<00:09,  9.69s/it]Loading checkpoint shards: 100%|██████████| 3/3 [00:26<00:00,  8.52s/it]Loading checkpoint shards: 100%|██████████| 3/3 [00:26<00:00,  8.84s/it]
Device set to use cuda
Asking to truncate to max_length but no maximum length is provided and the model has no predefined maximum length. Default to no truncation.
You seem to be using the pipelines sequentially on GPU. In order to maximize efficiency please use a dataset
Experiment 1

Current Sample : 1/1862
Current Sample : 2/1862
Current Sample : 3/1862
Current Sample : 4/1862
Current Sample : 5/1862
Current Sample : 6/1862
Current Sample : 7/1862
Current Sample : 8/1862
Current Sample : 9/1862
Current Sample : 10/1862
Current Sample : 11/1862
Current Sample : 12/1862
Current Sample : 13/1862
Current Sample : 14/1862
Current Sample : 15/1862
Current Sample : 16/1862
Current Sample : 17/1862
Current Sample : 18/1862
Current Sample : 19/1862
Current Sample : 20/1862
Current Sample : 21/1862
Current Sample : 22/1862
Current Sample : 23/1862
Current Sample : 24/1862
Current Sample : 25/1862
Current Sample : 26/1862
Current Sample : 27/1862
Current Sample : 28/1862
Current Sample : 29/1862
Current Sample : 30/1862
Current Sample : 31/1862
Current Sample : 32/1862
Current Sample : 33/1862
Current Sample : 34/1862
Current Sample : 35/1862
Current Sample : 36/1862
Current Sample : 37/1862
Current Sample : 38/1862
Current Sample : 39/1862
Current Sample : 40/1862
Current Sample : 41/1862
Current Sample : 42/1862
Current Sample : 43/1862
Current Sample : 44/1862
Current Sample : 45/1862
Current Sample : 46/1862
Current Sample : 47/1862
Current Sample : 48/1862
Current Sample : 49/1862
Current Sample : 50/1862
Current Sample : 51/1862
Current Sample : 52/1862
Current Sample : 53/1862
Current Sample : 54/1862
Current Sample : 55/1862
Current Sample : 56/1862
Current Sample : 57/1862
Current Sample : 58/1862
Current Sample : 59/1862
Current Sample : 60/1862
Current Sample : 61/1862
Current Sample : 62/1862
Current Sample : 63/1862
Current Sample : 64/1862
Current Sample : 65/1862
Current Sample : 66/1862
Current Sample : 67/1862
Current Sample : 68/1862
Current Sample : 69/1862
Current Sample : 70/1862
Current Sample : 71/1862
Current Sample : 72/1862
Current Sample : 73/1862
Current Sample : 74/1862
Current Sample : 75/1862
Current Sample : 76/1862
Current Sample : 77/1862
Current Sample : 78/1862
Current Sample : 79/1862
Current Sample : 80/1862
Current Sample : 81/1862
Current Sample : 82/1862
Current Sample : 83/1862
Current Sample : 84/1862
Current Sample : 85/1862
Current Sample : 86/1862
Current Sample : 87/1862
Current Sample : 88/1862
Current Sample : 89/1862
Current Sample : 90/1862
Current Sample : 91/1862
Current Sample : 92/1862
Current Sample : 93/1862
Current Sample : 94/1862
Current Sample : 95/1862
Current Sample : 96/1862
Current Sample : 97/1862
Current Sample : 98/1862
Current Sample : 99/1862
Current Sample : 100/1862
Current Sample : 101/1862
Current Sample : 102/1862
Current Sample : 103/1862
Current Sample : 104/1862
Current Sample : 105/1862
Current Sample : 106/1862
Current Sample : 107/1862
Current Sample : 108/1862
Current Sample : 109/1862
Current Sample : 110/1862
Current Sample : 111/1862
Current Sample : 112/1862
Current Sample : 113/1862
Current Sample : 114/1862
Current Sample : 115/1862
Current Sample : 116/1862
Current Sample : 117/1862
Current Sample : 118/1862
Current Sample : 119/1862
Current Sample : 120/1862
Current Sample : 121/1862
Current Sample : 122/1862
Current Sample : 123/1862
Current Sample : 124/1862
Current Sample : 125/1862
Current Sample : 126/1862
Current Sample : 127/1862
Current Sample : 128/1862
Current Sample : 129/1862
Current Sample : 130/1862
Current Sample : 131/1862
Current Sample : 132/1862
Current Sample : 133/1862
Current Sample : 134/1862
Current Sample : 135/1862
Current Sample : 136/1862
Current Sample : 137/1862
Current Sample : 138/1862
Current Sample : 139/1862
Current Sample : 140/1862
Current Sample : 141/1862
Current Sample : 142/1862
Current Sample : 143/1862
Current Sample : 144/1862
Current Sample : 145/1862
Current Sample : 146/1862
Current Sample : 147/1862
Current Sample : 148/1862
Current Sample : 149/1862
Current Sample : 150/1862
Current Sample : 151/1862
Current Sample : 152/1862
Current Sample : 153/1862
Current Sample : 154/1862
Current Sample : 155/1862
Current Sample : 156/1862
Current Sample : 157/1862
Current Sample : 158/1862
Current Sample : 159/1862
Current Sample : 160/1862
Current Sample : 161/1862
Current Sample : 162/1862
Current Sample : 163/1862
Current Sample : 164/1862
Current Sample : 165/1862
Current Sample : 166/1862
Current Sample : 167/1862
Current Sample : 168/1862
Current Sample : 169/1862
Current Sample : 170/1862
Current Sample : 171/1862
Current Sample : 172/1862
Current Sample : 173/1862
Current Sample : 174/1862
Current Sample : 175/1862
Current Sample : 176/1862
Current Sample : 177/1862
Current Sample : 178/1862
Current Sample : 179/1862
Current Sample : 180/1862
Current Sample : 181/1862
Current Sample : 182/1862
Current Sample : 183/1862
Current Sample : 184/1862
Current Sample : 185/1862
Current Sample : 186/1862
Current Sample : 187/1862
Current Sample : 188/1862
Current Sample : 189/1862
Current Sample : 190/1862
Current Sample : 191/1862
Current Sample : 192/1862
Current Sample : 193/1862
Current Sample : 194/1862
Current Sample : 195/1862
Current Sample : 196/1862
Current Sample : 197/1862
Current Sample : 198/1862
Current Sample : 199/1862
Current Sample : 200/1862
Current Sample : 201/1862
Current Sample : 202/1862
Traceback (most recent call last):
  File "/home/ic40844/myenv/Bias_IndianLanguages/Bias_IndianLanguages/exp_hindi_SPICE.py", line 55, in <module>
    expe1 = expb1(pipe,examples,df_path,"stereo","anti_stereo",biased_response,
            ^^^^^^^^^^^^^^^^^^^^^^^^^^^^^^^^^^^^^^^^^^^^^^^^^^^^^^^^^^^^^^^^^^^
  File "/home/ic40844/myenv/Bias_IndianLanguages/Bias_IndianLanguages/utils_spice.py", line 36, in expb1
    gc.collect()
KeyboardInterrupt
Loading checkpoint shards:   0%|          | 0/3 [00:00<?, ?it/s]Loading checkpoint shards:  33%|███▎      | 1/3 [00:09<00:19,  9.72s/it]Loading checkpoint shards:  67%|██████▋   | 2/3 [00:19<00:09,  9.51s/it]Loading checkpoint shards: 100%|██████████| 3/3 [00:26<00:00,  8.40s/it]Loading checkpoint shards: 100%|██████████| 3/3 [00:26<00:00,  8.72s/it]
Device set to use cuda
Asking to truncate to max_length but no maximum length is provided and the model has no predefined maximum length. Default to no truncation.
You seem to be using the pipelines sequentially on GPU. In order to maximize efficiency please use a dataset
Experiment 1

Current Sample : 1/1862
Current Sample : 2/1862
Current Sample : 3/1862
Current Sample : 4/1862
Current Sample : 5/1862
Current Sample : 6/1862
Current Sample : 7/1862
Current Sample : 8/1862
Current Sample : 9/1862
Current Sample : 10/1862
Current Sample : 11/1862
Current Sample : 12/1862
Current Sample : 13/1862
Current Sample : 14/1862
Current Sample : 15/1862
Current Sample : 16/1862
Current Sample : 17/1862
Current Sample : 18/1862
Current Sample : 19/1862
Current Sample : 20/1862
Current Sample : 21/1862
Current Sample : 22/1862
Current Sample : 23/1862
Current Sample : 24/1862
Current Sample : 25/1862
Current Sample : 26/1862
Current Sample : 27/1862
Current Sample : 28/1862
Current Sample : 29/1862
Current Sample : 30/1862
Current Sample : 31/1862
Current Sample : 32/1862
Current Sample : 33/1862
Current Sample : 34/1862
Current Sample : 35/1862
Current Sample : 36/1862
Current Sample : 37/1862
Current Sample : 38/1862
Current Sample : 39/1862
Current Sample : 40/1862
Current Sample : 41/1862
Current Sample : 42/1862
Current Sample : 43/1862
Current Sample : 44/1862
Current Sample : 45/1862
Current Sample : 46/1862
Current Sample : 47/1862
Current Sample : 48/1862
Current Sample : 49/1862
Current Sample : 50/1862
Current Sample : 51/1862
Current Sample : 52/1862
Current Sample : 53/1862
Current Sample : 54/1862
Current Sample : 55/1862
Current Sample : 56/1862
Current Sample : 57/1862
Current Sample : 58/1862
Current Sample : 59/1862
Current Sample : 60/1862
Current Sample : 61/1862
Current Sample : 62/1862
Current Sample : 63/1862
Current Sample : 64/1862
Current Sample : 65/1862
Current Sample : 66/1862
Current Sample : 67/1862
Current Sample : 68/1862
Current Sample : 69/1862
Current Sample : 70/1862
Current Sample : 71/1862
Current Sample : 72/1862
Current Sample : 73/1862
Current Sample : 74/1862
Current Sample : 75/1862
Current Sample : 76/1862
Current Sample : 77/1862
Current Sample : 78/1862
Current Sample : 79/1862
Current Sample : 80/1862
Current Sample : 81/1862
Current Sample : 82/1862
Current Sample : 83/1862
Current Sample : 84/1862
Current Sample : 85/1862
Current Sample : 86/1862
Current Sample : 87/1862
Current Sample : 88/1862
Current Sample : 89/1862
Current Sample : 90/1862
Current Sample : 91/1862
Current Sample : 92/1862
Current Sample : 93/1862
Current Sample : 94/1862
Current Sample : 95/1862
Current Sample : 96/1862
Current Sample : 97/1862
Current Sample : 98/1862
Current Sample : 99/1862
Current Sample : 100/1862
Current Sample : 101/1862
Current Sample : 102/1862
Current Sample : 103/1862
Current Sample : 104/1862
Current Sample : 105/1862
Current Sample : 106/1862
Current Sample : 107/1862
Current Sample : 108/1862
Current Sample : 109/1862
Current Sample : 110/1862
Current Sample : 111/1862
Current Sample : 112/1862
Current Sample : 113/1862
Current Sample : 114/1862
Current Sample : 115/1862
Current Sample : 116/1862
Current Sample : 117/1862
Current Sample : 118/1862
Current Sample : 119/1862
Current Sample : 120/1862
Current Sample : 121/1862
Current Sample : 122/1862
Current Sample : 123/1862
Current Sample : 124/1862
Current Sample : 125/1862
Current Sample : 126/1862
Current Sample : 127/1862
Current Sample : 128/1862
Current Sample : 129/1862
Current Sample : 130/1862
Current Sample : 131/1862
Current Sample : 132/1862
Current Sample : 133/1862
Current Sample : 134/1862
Current Sample : 135/1862
Current Sample : 136/1862
Current Sample : 137/1862
Current Sample : 138/1862
Current Sample : 139/1862
Current Sample : 140/1862
Current Sample : 141/1862
Current Sample : 142/1862
Current Sample : 143/1862
Current Sample : 144/1862
Current Sample : 145/1862
Current Sample : 146/1862
Current Sample : 147/1862
Current Sample : 148/1862
Current Sample : 149/1862
Current Sample : 150/1862
Current Sample : 151/1862
Current Sample : 152/1862
Current Sample : 153/1862
Current Sample : 154/1862
Current Sample : 155/1862
Current Sample : 156/1862
Current Sample : 157/1862
Current Sample : 158/1862
Current Sample : 159/1862
Current Sample : 160/1862
Current Sample : 161/1862
Current Sample : 162/1862
Current Sample : 163/1862
Current Sample : 164/1862
Current Sample : 165/1862
Current Sample : 166/1862
Current Sample : 167/1862
Current Sample : 168/1862
Current Sample : 169/1862
Current Sample : 170/1862
Current Sample : 171/1862
Current Sample : 172/1862
Current Sample : 173/1862
Current Sample : 174/1862
Current Sample : 175/1862
Current Sample : 176/1862
Current Sample : 177/1862
Current Sample : 178/1862
Current Sample : 179/1862
Current Sample : 180/1862
Current Sample : 181/1862
Current Sample : 182/1862
Current Sample : 183/1862
Current Sample : 184/1862
Current Sample : 185/1862
Current Sample : 186/1862
Current Sample : 187/1862
Current Sample : 188/1862
Current Sample : 189/1862
Current Sample : 190/1862
Current Sample : 191/1862
Current Sample : 192/1862
Current Sample : 193/1862
Current Sample : 194/1862
Current Sample : 195/1862
Current Sample : 196/1862
Current Sample : 197/1862
Current Sample : 198/1862
Current Sample : 199/1862
Current Sample : 200/1862
Current Sample : 201/1862
Current Sample : 202/1862
Current Sample : 203/1862
Current Sample : 204/1862
Current Sample : 205/1862
Current Sample : 206/1862
Current Sample : 207/1862
Current Sample : 208/1862
Current Sample : 209/1862
Current Sample : 210/1862
Current Sample : 211/1862
Current Sample : 212/1862
Current Sample : 213/1862
Current Sample : 214/1862
Current Sample : 215/1862
Current Sample : 216/1862
Current Sample : 217/1862
Current Sample : 218/1862
Current Sample : 219/1862
Current Sample : 220/1862
Current Sample : 221/1862
Current Sample : 222/1862
Current Sample : 223/1862
Current Sample : 224/1862
Current Sample : 225/1862
Current Sample : 226/1862
Current Sample : 227/1862
Current Sample : 228/1862
Current Sample : 229/1862
Current Sample : 230/1862
Current Sample : 231/1862
Current Sample : 232/1862
Current Sample : 233/1862
Current Sample : 234/1862
Current Sample : 235/1862
Current Sample : 236/1862
Current Sample : 237/1862
Current Sample : 238/1862
Current Sample : 239/1862
Current Sample : 240/1862
Current Sample : 241/1862
Current Sample : 242/1862
Current Sample : 243/1862
Current Sample : 244/1862
Current Sample : 245/1862
Current Sample : 246/1862
Current Sample : 247/1862
Current Sample : 248/1862
Current Sample : 249/1862
Current Sample : 250/1862
Current Sample : 251/1862
Current Sample : 252/1862
Current Sample : 253/1862
Current Sample : 254/1862
Current Sample : 255/1862
Current Sample : 256/1862
Current Sample : 257/1862
Current Sample : 258/1862
Current Sample : 259/1862
Current Sample : 260/1862
Current Sample : 261/1862
Current Sample : 262/1862
Current Sample : 263/1862
Current Sample : 264/1862
Current Sample : 265/1862
Current Sample : 266/1862
Current Sample : 267/1862
Current Sample : 268/1862
Current Sample : 269/1862
Current Sample : 270/1862
Current Sample : 271/1862
Current Sample : 272/1862
Current Sample : 273/1862
Current Sample : 274/1862
Current Sample : 275/1862
Current Sample : 276/1862
Current Sample : 277/1862
Current Sample : 278/1862
Current Sample : 279/1862
Current Sample : 280/1862
Current Sample : 281/1862
Current Sample : 282/1862
Current Sample : 283/1862
Current Sample : 284/1862
Current Sample : 285/1862
Current Sample : 286/1862
Current Sample : 287/1862
Current Sample : 288/1862
Current Sample : 289/1862
Current Sample : 290/1862
Current Sample : 291/1862
Current Sample : 292/1862
Current Sample : 293/1862
Current Sample : 294/1862
Current Sample : 295/1862
Current Sample : 296/1862
Current Sample : 297/1862
Current Sample : 298/1862
Current Sample : 299/1862
Current Sample : 300/1862
Current Sample : 301/1862
Current Sample : 302/1862
Current Sample : 303/1862
Current Sample : 304/1862
Current Sample : 305/1862
Current Sample : 306/1862
Current Sample : 307/1862
Current Sample : 308/1862
Current Sample : 309/1862
Current Sample : 310/1862
Current Sample : 311/1862
Current Sample : 312/1862
Current Sample : 313/1862
Current Sample : 314/1862
Current Sample : 315/1862
Current Sample : 316/1862
Current Sample : 317/1862
Current Sample : 318/1862
Current Sample : 319/1862
Current Sample : 320/1862
Current Sample : 321/1862
Current Sample : 322/1862
Current Sample : 323/1862
Current Sample : 324/1862
Current Sample : 325/1862
Current Sample : 326/1862
Current Sample : 327/1862
Current Sample : 328/1862
Current Sample : 329/1862
Current Sample : 330/1862
Current Sample : 331/1862
Current Sample : 332/1862
Current Sample : 333/1862
Current Sample : 334/1862
Current Sample : 335/1862
Current Sample : 336/1862
Current Sample : 337/1862
Current Sample : 338/1862
Current Sample : 339/1862
Current Sample : 340/1862
Current Sample : 341/1862
Current Sample : 342/1862
Current Sample : 343/1862
Current Sample : 344/1862
Current Sample : 345/1862
Current Sample : 346/1862
Current Sample : 347/1862
Current Sample : 348/1862
Current Sample : 349/1862
Current Sample : 350/1862
Current Sample : 351/1862
Current Sample : 352/1862
Current Sample : 353/1862
Current Sample : 354/1862
Current Sample : 355/1862
Current Sample : 356/1862
Current Sample : 357/1862
Current Sample : 358/1862
Current Sample : 359/1862
Current Sample : 360/1862
Current Sample : 361/1862
Current Sample : 362/1862
Current Sample : 363/1862
Current Sample : 364/1862
Current Sample : 365/1862
Current Sample : 366/1862
Current Sample : 367/1862
Current Sample : 368/1862
Current Sample : 369/1862
Current Sample : 370/1862
Current Sample : 371/1862
Current Sample : 372/1862
Current Sample : 373/1862
Current Sample : 374/1862
Current Sample : 375/1862
Current Sample : 376/1862
Current Sample : 377/1862
Current Sample : 378/1862
Current Sample : 379/1862
Current Sample : 380/1862
Current Sample : 381/1862
Current Sample : 382/1862
Current Sample : 383/1862
Current Sample : 384/1862
Current Sample : 385/1862
Current Sample : 386/1862
Current Sample : 387/1862
Current Sample : 388/1862
Current Sample : 389/1862
Current Sample : 390/1862
Current Sample : 391/1862
Current Sample : 392/1862
Current Sample : 393/1862
Current Sample : 394/1862
Current Sample : 395/1862
Current Sample : 396/1862
Current Sample : 397/1862
Current Sample : 398/1862
Current Sample : 399/1862
Current Sample : 400/1862
Current Sample : 401/1862
Current Sample : 402/1862
Current Sample : 403/1862
Current Sample : 404/1862
Current Sample : 405/1862
Current Sample : 406/1862
Current Sample : 407/1862
Current Sample : 408/1862
Current Sample : 409/1862
Current Sample : 410/1862
Current Sample : 411/1862
Current Sample : 412/1862
Current Sample : 413/1862
Current Sample : 414/1862
Current Sample : 415/1862
Current Sample : 416/1862
Current Sample : 417/1862
Current Sample : 418/1862
Current Sample : 419/1862
Current Sample : 420/1862
Current Sample : 421/1862
Current Sample : 422/1862
Current Sample : 423/1862
Current Sample : 424/1862
Current Sample : 425/1862
Current Sample : 426/1862
Current Sample : 427/1862
Current Sample : 428/1862
Current Sample : 429/1862
Current Sample : 430/1862
Current Sample : 431/1862
Current Sample : 432/1862
Current Sample : 433/1862
Current Sample : 434/1862
Current Sample : 435/1862
Current Sample : 436/1862
Current Sample : 437/1862
Current Sample : 438/1862
Current Sample : 439/1862
Current Sample : 440/1862
Current Sample : 441/1862
Current Sample : 442/1862
Current Sample : 443/1862
Current Sample : 444/1862
Current Sample : 445/1862
Current Sample : 446/1862
Current Sample : 447/1862
Current Sample : 448/1862
Current Sample : 449/1862
Current Sample : 450/1862
Current Sample : 451/1862
Current Sample : 452/1862
Current Sample : 453/1862
Current Sample : 454/1862
Current Sample : 455/1862
Current Sample : 456/1862
Current Sample : 457/1862
Current Sample : 458/1862
Current Sample : 459/1862
Current Sample : 460/1862
Current Sample : 461/1862
Current Sample : 462/1862
Current Sample : 463/1862
Current Sample : 464/1862
Current Sample : 465/1862
Current Sample : 466/1862
Current Sample : 467/1862
Current Sample : 468/1862
Current Sample : 469/1862
Current Sample : 470/1862
Current Sample : 471/1862
Current Sample : 472/1862
Current Sample : 473/1862
Current Sample : 474/1862
Current Sample : 475/1862
Current Sample : 476/1862
Current Sample : 477/1862
Current Sample : 478/1862
Current Sample : 479/1862
Current Sample : 480/1862
Current Sample : 481/1862
Current Sample : 482/1862
Current Sample : 483/1862
Current Sample : 484/1862
Current Sample : 485/1862
Current Sample : 486/1862
Current Sample : 487/1862
Current Sample : 488/1862
Current Sample : 489/1862
Current Sample : 490/1862
Current Sample : 491/1862
Current Sample : 492/1862
Current Sample : 493/1862
Current Sample : 494/1862
Current Sample : 495/1862
Current Sample : 496/1862
Current Sample : 497/1862
Current Sample : 498/1862
Current Sample : 499/1862
Current Sample : 500/1862
Current Sample : 501/1862
Current Sample : 502/1862
Current Sample : 503/1862
Current Sample : 504/1862
Current Sample : 505/1862
Current Sample : 506/1862
Current Sample : 507/1862
Current Sample : 508/1862
Current Sample : 509/1862
Current Sample : 510/1862
Current Sample : 511/1862
Current Sample : 512/1862
Current Sample : 513/1862
Current Sample : 514/1862
Current Sample : 515/1862
Current Sample : 516/1862
Current Sample : 517/1862
Current Sample : 518/1862
Current Sample : 519/1862
Current Sample : 520/1862
Current Sample : 521/1862
Current Sample : 522/1862
Current Sample : 523/1862
Current Sample : 524/1862
Current Sample : 525/1862
Current Sample : 526/1862
Current Sample : 527/1862
Current Sample : 528/1862
Current Sample : 529/1862
Current Sample : 530/1862
Current Sample : 531/1862
Current Sample : 532/1862
Current Sample : 533/1862
Current Sample : 534/1862
Current Sample : 535/1862
Current Sample : 536/1862
Current Sample : 537/1862
Current Sample : 538/1862
Current Sample : 539/1862
Current Sample : 540/1862
Current Sample : 541/1862
Current Sample : 542/1862
Current Sample : 543/1862
Current Sample : 544/1862
Current Sample : 545/1862
Current Sample : 546/1862
Current Sample : 547/1862
Current Sample : 548/1862
Current Sample : 549/1862
Current Sample : 550/1862
Current Sample : 551/1862
Current Sample : 552/1862
Current Sample : 553/1862
Current Sample : 554/1862
Current Sample : 555/1862
Current Sample : 556/1862
Current Sample : 557/1862
Current Sample : 558/1862
Current Sample : 559/1862
Current Sample : 560/1862
Current Sample : 561/1862
Current Sample : 562/1862
Current Sample : 563/1862
Current Sample : 564/1862
Current Sample : 565/1862
Current Sample : 566/1862
Current Sample : 567/1862
Current Sample : 568/1862
Current Sample : 569/1862
Current Sample : 570/1862
Current Sample : 571/1862
Current Sample : 572/1862
Current Sample : 573/1862
Current Sample : 574/1862
Current Sample : 575/1862
Current Sample : 576/1862
Current Sample : 577/1862
Current Sample : 578/1862
Current Sample : 579/1862
Current Sample : 580/1862
Current Sample : 581/1862
Current Sample : 582/1862
Current Sample : 583/1862
Current Sample : 584/1862
Current Sample : 585/1862
Current Sample : 586/1862
Current Sample : 587/1862
Current Sample : 588/1862
Current Sample : 589/1862
Current Sample : 590/1862
Current Sample : 591/1862
Current Sample : 592/1862
Current Sample : 593/1862
Current Sample : 594/1862
Current Sample : 595/1862
Current Sample : 596/1862
Current Sample : 597/1862
Current Sample : 598/1862
Current Sample : 599/1862
Current Sample : 600/1862
Current Sample : 601/1862
Current Sample : 602/1862
Current Sample : 603/1862
Current Sample : 604/1862
Current Sample : 605/1862
Current Sample : 606/1862
Current Sample : 607/1862
Current Sample : 608/1862
Current Sample : 609/1862
Current Sample : 610/1862
Current Sample : 611/1862
Current Sample : 612/1862
Current Sample : 613/1862
Current Sample : 614/1862
Current Sample : 615/1862
Current Sample : 616/1862
Current Sample : 617/1862
Current Sample : 618/1862
Current Sample : 619/1862
Current Sample : 620/1862
Current Sample : 621/1862
Current Sample : 622/1862
Current Sample : 623/1862
Current Sample : 624/1862
Current Sample : 625/1862
Current Sample : 626/1862
Current Sample : 627/1862
Current Sample : 628/1862
Current Sample : 629/1862
Current Sample : 630/1862
Current Sample : 631/1862
Current Sample : 632/1862
Current Sample : 633/1862
Current Sample : 634/1862
Current Sample : 635/1862
Current Sample : 636/1862
Current Sample : 637/1862
Current Sample : 638/1862
Current Sample : 639/1862
Current Sample : 640/1862
Current Sample : 641/1862
Current Sample : 642/1862
Current Sample : 643/1862
Current Sample : 644/1862
Current Sample : 645/1862
Current Sample : 646/1862
Current Sample : 647/1862
Current Sample : 648/1862
Current Sample : 649/1862
Current Sample : 650/1862
Current Sample : 651/1862
Current Sample : 652/1862
Current Sample : 653/1862
Current Sample : 654/1862
Current Sample : 655/1862
Current Sample : 656/1862
Current Sample : 657/1862
Current Sample : 658/1862
Current Sample : 659/1862
Current Sample : 660/1862
Current Sample : 661/1862
Current Sample : 662/1862
Current Sample : 663/1862
Current Sample : 664/1862
Current Sample : 665/1862
Current Sample : 666/1862
Current Sample : 667/1862
Current Sample : 668/1862
Current Sample : 669/1862
Current Sample : 670/1862
Current Sample : 671/1862
Current Sample : 672/1862
Current Sample : 673/1862
Current Sample : 674/1862
Current Sample : 675/1862
Current Sample : 676/1862
Current Sample : 677/1862
Current Sample : 678/1862
Current Sample : 679/1862
Current Sample : 680/1862
Current Sample : 681/1862
Current Sample : 682/1862
Current Sample : 683/1862
Current Sample : 684/1862
Current Sample : 685/1862
Current Sample : 686/1862
Current Sample : 687/1862
Current Sample : 688/1862
Current Sample : 689/1862
Current Sample : 690/1862
Current Sample : 691/1862
Current Sample : 692/1862
Current Sample : 693/1862
Current Sample : 694/1862
Current Sample : 695/1862
Current Sample : 696/1862
Current Sample : 697/1862
Current Sample : 698/1862
Current Sample : 699/1862
Current Sample : 700/1862
Current Sample : 701/1862
Current Sample : 702/1862
Current Sample : 703/1862
Current Sample : 704/1862
Current Sample : 705/1862
Current Sample : 706/1862
Current Sample : 707/1862
Current Sample : 708/1862
Current Sample : 709/1862
Current Sample : 710/1862
Current Sample : 711/1862
Current Sample : 712/1862
Current Sample : 713/1862
Current Sample : 714/1862
Current Sample : 715/1862
Current Sample : 716/1862
Current Sample : 717/1862
Current Sample : 718/1862
Current Sample : 719/1862
Current Sample : 720/1862
Current Sample : 721/1862
Current Sample : 722/1862
Current Sample : 723/1862
Current Sample : 724/1862
Current Sample : 725/1862
Current Sample : 726/1862
Current Sample : 727/1862
Current Sample : 728/1862
Current Sample : 729/1862
Current Sample : 730/1862
Current Sample : 731/1862
Current Sample : 732/1862
Current Sample : 733/1862
Current Sample : 734/1862
Current Sample : 735/1862
Current Sample : 736/1862
Current Sample : 737/1862
Current Sample : 738/1862
Current Sample : 739/1862
Current Sample : 740/1862
Current Sample : 741/1862
Current Sample : 742/1862
Current Sample : 743/1862
Current Sample : 744/1862
Current Sample : 745/1862
Current Sample : 746/1862
Current Sample : 747/1862
Current Sample : 748/1862
Current Sample : 749/1862
Current Sample : 750/1862
Current Sample : 751/1862
Current Sample : 752/1862
Current Sample : 753/1862
Current Sample : 754/1862
Current Sample : 755/1862
Current Sample : 756/1862
Current Sample : 757/1862
Current Sample : 758/1862
Current Sample : 759/1862
Current Sample : 760/1862
Current Sample : 761/1862
Current Sample : 762/1862
Current Sample : 763/1862
Current Sample : 764/1862
Current Sample : 765/1862
Current Sample : 766/1862
Current Sample : 767/1862
Current Sample : 768/1862
Current Sample : 769/1862
Current Sample : 770/1862
Current Sample : 771/1862
Current Sample : 772/1862
Current Sample : 773/1862
Current Sample : 774/1862
Current Sample : 775/1862
Current Sample : 776/1862
Current Sample : 777/1862
Current Sample : 778/1862
Current Sample : 779/1862
Current Sample : 780/1862
Current Sample : 781/1862
Current Sample : 782/1862
Current Sample : 783/1862
Current Sample : 784/1862
Current Sample : 785/1862
Current Sample : 786/1862
Current Sample : 787/1862
Current Sample : 788/1862
Current Sample : 789/1862
Current Sample : 790/1862
Current Sample : 791/1862
Current Sample : 792/1862
Current Sample : 793/1862
Current Sample : 794/1862
Current Sample : 795/1862
Current Sample : 796/1862
Current Sample : 797/1862
Current Sample : 798/1862
Current Sample : 799/1862
Current Sample : 800/1862
Current Sample : 801/1862
Current Sample : 802/1862
Current Sample : 803/1862
Current Sample : 804/1862
Current Sample : 805/1862
Current Sample : 806/1862
Current Sample : 807/1862
Current Sample : 808/1862
Current Sample : 809/1862
Current Sample : 810/1862
Current Sample : 811/1862
Current Sample : 812/1862
Current Sample : 813/1862
Current Sample : 814/1862
Current Sample : 815/1862
Current Sample : 816/1862
Current Sample : 817/1862
Current Sample : 818/1862
Current Sample : 819/1862
Current Sample : 820/1862
Current Sample : 821/1862
Current Sample : 822/1862
Current Sample : 823/1862
Current Sample : 824/1862
Current Sample : 825/1862
Current Sample : 826/1862
Current Sample : 827/1862
Current Sample : 828/1862
Current Sample : 829/1862
Current Sample : 830/1862
Current Sample : 831/1862
Current Sample : 832/1862
Current Sample : 833/1862
Current Sample : 834/1862
Current Sample : 835/1862
Current Sample : 836/1862
Current Sample : 837/1862
Current Sample : 838/1862
Current Sample : 839/1862
Current Sample : 840/1862
Current Sample : 841/1862
Current Sample : 842/1862
Current Sample : 843/1862
Current Sample : 844/1862
Current Sample : 845/1862
Current Sample : 846/1862
Current Sample : 847/1862
Current Sample : 848/1862
Current Sample : 849/1862
Current Sample : 850/1862
Current Sample : 851/1862
Current Sample : 852/1862
Current Sample : 853/1862
Current Sample : 854/1862
Current Sample : 855/1862
Current Sample : 856/1862
Current Sample : 857/1862
Current Sample : 858/1862
Current Sample : 859/1862
Current Sample : 860/1862
Current Sample : 861/1862
Current Sample : 862/1862
Current Sample : 863/1862
Current Sample : 864/1862
Current Sample : 865/1862
Current Sample : 866/1862
Current Sample : 867/1862
Current Sample : 868/1862
Current Sample : 869/1862
Current Sample : 870/1862
Current Sample : 871/1862
Current Sample : 872/1862
Current Sample : 873/1862
Current Sample : 874/1862
Current Sample : 875/1862
Current Sample : 876/1862
Current Sample : 877/1862
Current Sample : 878/1862
Current Sample : 879/1862
Current Sample : 880/1862
Current Sample : 881/1862
Current Sample : 882/1862
Current Sample : 883/1862
Current Sample : 884/1862
Current Sample : 885/1862
Current Sample : 886/1862
Current Sample : 887/1862
Current Sample : 888/1862
Current Sample : 889/1862
Current Sample : 890/1862
Current Sample : 891/1862
Current Sample : 892/1862
Current Sample : 893/1862
Current Sample : 894/1862
Current Sample : 895/1862
Current Sample : 896/1862
Current Sample : 897/1862
Current Sample : 898/1862
Current Sample : 899/1862
Current Sample : 900/1862
Current Sample : 901/1862
Current Sample : 902/1862
Current Sample : 903/1862
Current Sample : 904/1862
Current Sample : 905/1862
Current Sample : 906/1862
Current Sample : 907/1862
Current Sample : 908/1862
Current Sample : 909/1862
Current Sample : 910/1862
Current Sample : 911/1862
Current Sample : 912/1862
Current Sample : 913/1862
Current Sample : 914/1862
Current Sample : 915/1862
Current Sample : 916/1862
Current Sample : 917/1862
Current Sample : 918/1862
Current Sample : 919/1862
Current Sample : 920/1862
Current Sample : 921/1862
Current Sample : 922/1862
Current Sample : 923/1862
Current Sample : 924/1862
Current Sample : 925/1862
Current Sample : 926/1862
Current Sample : 927/1862
Current Sample : 928/1862
Current Sample : 929/1862
Current Sample : 930/1862
Current Sample : 931/1862
Current Sample : 932/1862
Current Sample : 933/1862
Current Sample : 934/1862
Current Sample : 935/1862
Current Sample : 936/1862
Current Sample : 937/1862
Current Sample : 938/1862
Current Sample : 939/1862
Current Sample : 940/1862
Current Sample : 941/1862
Current Sample : 942/1862
Current Sample : 943/1862
Current Sample : 944/1862
Current Sample : 945/1862
Current Sample : 946/1862
Current Sample : 947/1862
Current Sample : 948/1862
Current Sample : 949/1862
Current Sample : 950/1862
Current Sample : 951/1862
Current Sample : 952/1862
Current Sample : 953/1862
Current Sample : 954/1862
Current Sample : 955/1862
Current Sample : 956/1862
Current Sample : 957/1862
Current Sample : 958/1862
Current Sample : 959/1862
Current Sample : 960/1862
Current Sample : 961/1862
Current Sample : 962/1862
Current Sample : 963/1862
Current Sample : 964/1862
Current Sample : 965/1862
Current Sample : 966/1862
Current Sample : 967/1862
Current Sample : 968/1862
Current Sample : 969/1862
Current Sample : 970/1862
Current Sample : 971/1862
Current Sample : 972/1862
Current Sample : 973/1862
Current Sample : 974/1862
Current Sample : 975/1862
Current Sample : 976/1862
Current Sample : 977/1862
Current Sample : 978/1862
Current Sample : 979/1862
Current Sample : 980/1862
Current Sample : 981/1862
Current Sample : 982/1862
Current Sample : 983/1862
Current Sample : 984/1862
Current Sample : 985/1862
Current Sample : 986/1862
Current Sample : 987/1862
Current Sample : 988/1862
Current Sample : 989/1862
Current Sample : 990/1862
Current Sample : 991/1862
Current Sample : 992/1862
Current Sample : 993/1862
Current Sample : 994/1862
Current Sample : 995/1862
Current Sample : 996/1862
Current Sample : 997/1862
Current Sample : 998/1862
Current Sample : 999/1862
Current Sample : 1000/1862
Current Sample : 1001/1862
Current Sample : 1002/1862
Current Sample : 1003/1862
Current Sample : 1004/1862
Current Sample : 1005/1862
Current Sample : 1006/1862
Current Sample : 1007/1862
Current Sample : 1008/1862
Current Sample : 1009/1862
Current Sample : 1010/1862
Current Sample : 1011/1862
Current Sample : 1012/1862
Current Sample : 1013/1862
Current Sample : 1014/1862
Current Sample : 1015/1862
Current Sample : 1016/1862
Current Sample : 1017/1862
Current Sample : 1018/1862
Current Sample : 1019/1862
Current Sample : 1020/1862
Current Sample : 1021/1862
Current Sample : 1022/1862
Current Sample : 1023/1862
Current Sample : 1024/1862
Current Sample : 1025/1862
Current Sample : 1026/1862
Current Sample : 1027/1862
Current Sample : 1028/1862
Current Sample : 1029/1862
Current Sample : 1030/1862
Current Sample : 1031/1862
Current Sample : 1032/1862
Current Sample : 1033/1862
Current Sample : 1034/1862
Current Sample : 1035/1862
Current Sample : 1036/1862
Current Sample : 1037/1862
Current Sample : 1038/1862
Current Sample : 1039/1862
Current Sample : 1040/1862
Current Sample : 1041/1862
Current Sample : 1042/1862
Current Sample : 1043/1862
Current Sample : 1044/1862
Current Sample : 1045/1862
Current Sample : 1046/1862
Current Sample : 1047/1862
Current Sample : 1048/1862
Current Sample : 1049/1862
Current Sample : 1050/1862
Current Sample : 1051/1862
Current Sample : 1052/1862
Current Sample : 1053/1862
Current Sample : 1054/1862
Current Sample : 1055/1862
Current Sample : 1056/1862
Current Sample : 1057/1862
Current Sample : 1058/1862
Current Sample : 1059/1862
Current Sample : 1060/1862
Current Sample : 1061/1862
Current Sample : 1062/1862
Current Sample : 1063/1862
Current Sample : 1064/1862
Current Sample : 1065/1862
Current Sample : 1066/1862
Current Sample : 1067/1862
Current Sample : 1068/1862
Current Sample : 1069/1862
Current Sample : 1070/1862
Current Sample : 1071/1862
Current Sample : 1072/1862
Current Sample : 1073/1862
Current Sample : 1074/1862
Current Sample : 1075/1862
Current Sample : 1076/1862
Current Sample : 1077/1862
Current Sample : 1078/1862
Current Sample : 1079/1862
Current Sample : 1080/1862
Current Sample : 1081/1862
Current Sample : 1082/1862
Current Sample : 1083/1862
Current Sample : 1084/1862
Current Sample : 1085/1862
Current Sample : 1086/1862
Current Sample : 1087/1862
Current Sample : 1088/1862
Current Sample : 1089/1862
Current Sample : 1090/1862
Current Sample : 1091/1862
Current Sample : 1092/1862
Current Sample : 1093/1862
Current Sample : 1094/1862
Current Sample : 1095/1862
Current Sample : 1096/1862
Current Sample : 1097/1862
Current Sample : 1098/1862
Current Sample : 1099/1862
Current Sample : 1100/1862
Current Sample : 1101/1862
Current Sample : 1102/1862
Current Sample : 1103/1862
Current Sample : 1104/1862
Current Sample : 1105/1862
Current Sample : 1106/1862
Current Sample : 1107/1862
Current Sample : 1108/1862
Current Sample : 1109/1862
Current Sample : 1110/1862
Current Sample : 1111/1862
Current Sample : 1112/1862
Current Sample : 1113/1862
Current Sample : 1114/1862
Current Sample : 1115/1862
Current Sample : 1116/1862
Current Sample : 1117/1862
Current Sample : 1118/1862
Current Sample : 1119/1862
Current Sample : 1120/1862
Current Sample : 1121/1862
Current Sample : 1122/1862
Current Sample : 1123/1862
Current Sample : 1124/1862
Current Sample : 1125/1862
Current Sample : 1126/1862
Current Sample : 1127/1862
Current Sample : 1128/1862
Current Sample : 1129/1862
Current Sample : 1130/1862
Current Sample : 1131/1862
Current Sample : 1132/1862
Current Sample : 1133/1862
Current Sample : 1134/1862
Current Sample : 1135/1862
Current Sample : 1136/1862
Current Sample : 1137/1862
Current Sample : 1138/1862
Current Sample : 1139/1862
Current Sample : 1140/1862
Current Sample : 1141/1862
Current Sample : 1142/1862
Current Sample : 1143/1862
Current Sample : 1144/1862
Current Sample : 1145/1862
Current Sample : 1146/1862
Current Sample : 1147/1862
Current Sample : 1148/1862
Current Sample : 1149/1862
Current Sample : 1150/1862
Current Sample : 1151/1862
Current Sample : 1152/1862
Current Sample : 1153/1862
Current Sample : 1154/1862
Current Sample : 1155/1862
Current Sample : 1156/1862
Current Sample : 1157/1862
Current Sample : 1158/1862
Current Sample : 1159/1862
Current Sample : 1160/1862
Current Sample : 1161/1862
Current Sample : 1162/1862
Current Sample : 1163/1862
Current Sample : 1164/1862
Current Sample : 1165/1862
Current Sample : 1166/1862
Current Sample : 1167/1862
Current Sample : 1168/1862
Current Sample : 1169/1862
Current Sample : 1170/1862
Current Sample : 1171/1862
Current Sample : 1172/1862
Current Sample : 1173/1862
Current Sample : 1174/1862
Current Sample : 1175/1862
Current Sample : 1176/1862
Current Sample : 1177/1862
Current Sample : 1178/1862
Current Sample : 1179/1862
Current Sample : 1180/1862
Current Sample : 1181/1862
Current Sample : 1182/1862
Current Sample : 1183/1862
Current Sample : 1184/1862
Current Sample : 1185/1862
Current Sample : 1186/1862
Current Sample : 1187/1862
Current Sample : 1188/1862
Current Sample : 1189/1862
Current Sample : 1190/1862
Current Sample : 1191/1862
Current Sample : 1192/1862
Current Sample : 1193/1862
Current Sample : 1194/1862
Current Sample : 1195/1862
Current Sample : 1196/1862
Current Sample : 1197/1862
Current Sample : 1198/1862
Current Sample : 1199/1862
Current Sample : 1200/1862
Current Sample : 1201/1862
Current Sample : 1202/1862
Current Sample : 1203/1862
Current Sample : 1204/1862
Current Sample : 1205/1862
Current Sample : 1206/1862
Current Sample : 1207/1862
Current Sample : 1208/1862
Current Sample : 1209/1862
Current Sample : 1210/1862
Current Sample : 1211/1862
Current Sample : 1212/1862
Current Sample : 1213/1862
Current Sample : 1214/1862
Current Sample : 1215/1862
Current Sample : 1216/1862
Current Sample : 1217/1862
Current Sample : 1218/1862
Current Sample : 1219/1862
Current Sample : 1220/1862
Current Sample : 1221/1862
Current Sample : 1222/1862
Current Sample : 1223/1862
Current Sample : 1224/1862
Current Sample : 1225/1862
Current Sample : 1226/1862
Current Sample : 1227/1862
Current Sample : 1228/1862
Current Sample : 1229/1862
Current Sample : 1230/1862
Current Sample : 1231/1862
Current Sample : 1232/1862
Current Sample : 1233/1862
Current Sample : 1234/1862
Current Sample : 1235/1862
Current Sample : 1236/1862
Current Sample : 1237/1862
Current Sample : 1238/1862
Current Sample : 1239/1862
Current Sample : 1240/1862
Current Sample : 1241/1862
Current Sample : 1242/1862
Current Sample : 1243/1862
Current Sample : 1244/1862
Current Sample : 1245/1862
Current Sample : 1246/1862
Current Sample : 1247/1862
Current Sample : 1248/1862
Current Sample : 1249/1862
Current Sample : 1250/1862
Current Sample : 1251/1862
Current Sample : 1252/1862
Current Sample : 1253/1862
Current Sample : 1254/1862
Current Sample : 1255/1862
Current Sample : 1256/1862
Current Sample : 1257/1862
Current Sample : 1258/1862
Current Sample : 1259/1862
Current Sample : 1260/1862
Current Sample : 1261/1862
Current Sample : 1262/1862
Current Sample : 1263/1862
Current Sample : 1264/1862
Current Sample : 1265/1862
Current Sample : 1266/1862
Current Sample : 1267/1862
Current Sample : 1268/1862
Current Sample : 1269/1862
Current Sample : 1270/1862
Current Sample : 1271/1862
Current Sample : 1272/1862
Current Sample : 1273/1862
Current Sample : 1274/1862
Current Sample : 1275/1862
Current Sample : 1276/1862
Current Sample : 1277/1862
Current Sample : 1278/1862
Current Sample : 1279/1862
Current Sample : 1280/1862
Current Sample : 1281/1862
Current Sample : 1282/1862
Current Sample : 1283/1862
Current Sample : 1284/1862
Current Sample : 1285/1862
Current Sample : 1286/1862
Current Sample : 1287/1862
Current Sample : 1288/1862
Current Sample : 1289/1862
Current Sample : 1290/1862
Current Sample : 1291/1862
Current Sample : 1292/1862
Current Sample : 1293/1862
Current Sample : 1294/1862
Current Sample : 1295/1862
Current Sample : 1296/1862
Current Sample : 1297/1862
Current Sample : 1298/1862
Current Sample : 1299/1862
Current Sample : 1300/1862
Current Sample : 1301/1862
Current Sample : 1302/1862
Current Sample : 1303/1862
Current Sample : 1304/1862
Current Sample : 1305/1862
Current Sample : 1306/1862
Current Sample : 1307/1862
Current Sample : 1308/1862
Current Sample : 1309/1862
Current Sample : 1310/1862
Current Sample : 1311/1862
Current Sample : 1312/1862
Current Sample : 1313/1862
Current Sample : 1314/1862
Current Sample : 1315/1862
Current Sample : 1316/1862
Current Sample : 1317/1862
Current Sample : 1318/1862
Current Sample : 1319/1862
Current Sample : 1320/1862
Current Sample : 1321/1862
Current Sample : 1322/1862
Current Sample : 1323/1862
Current Sample : 1324/1862
Current Sample : 1325/1862
Current Sample : 1326/1862
Current Sample : 1327/1862
Current Sample : 1328/1862
Current Sample : 1329/1862
Current Sample : 1330/1862
Current Sample : 1331/1862
Current Sample : 1332/1862
Current Sample : 1333/1862
Current Sample : 1334/1862
Current Sample : 1335/1862
Current Sample : 1336/1862
Current Sample : 1337/1862
Current Sample : 1338/1862
Current Sample : 1339/1862
Current Sample : 1340/1862
Current Sample : 1341/1862
Traceback (most recent call last):
  File "/home/ic40844/myenv/Bias_IndianLanguages/Bias_IndianLanguages/exp_hindi_SPICE.py", line 55, in <module>
    expe1 = expb1(pipe,examples,df_path,"stereo","anti_stereo",biased_response,
            ^^^^^^^^^^^^^^^^^^^^^^^^^^^^^^^^^^^^^^^^^^^^^^^^^^^^^^^^^^^^^^^^^^^
  File "/home/ic40844/myenv/Bias_IndianLanguages/Bias_IndianLanguages/utils_spice.py", line 36, in expb1
    gc.collect()
KeyboardInterrupt
